(09:38:54.093) INFO: [TadState] TAD state init (NONE)
(09:42:06.632) INFO: [TadModel] DSF session ID 0 has started
(09:42:36.861) INFO: [TadModel] DSF session ID 1 has started
(09:42:40.436) INFO: [TadState] TAD state changed from DEBUG_STARTED to DEBUG_INIT_0 (Suspended, USER_REQUEST)
(09:42:43.833) INFO: [TadState] TAD state changed from DEBUG_INIT_0 to DEBUG_INIT_1 (Resumed, USER_REQUEST)
(09:42:43.864) INFO: [TadState] TAD state changed from DEBUG_INIT_1 to DEBUG_SUSPENDED (Suspended, BREAKPOINT)
(09:42:48.909) INFO: [TadState] TAD state changed from DEBUG_SUSPENDED to DEBUG_RESUMED (Resumed, USER_REQUEST)
(09:42:52.574) INFO: [TadState] TAD state changed from DEBUG_RESUMED to READY (Suspended, SIGNAL)
(09:42:53.096) ReadingException: com.freescale.mqx.gdb.tad.model.globalstatus.TadGlobalStatusFactory.isMqxDataValid() at 60.line "readLongVariableSafely(_mqx_kernel_data)"
(09:42:53.096) ERROR: [TadGlobalStatusFactory] Kernel Data NOT valid (pointer: 0x0000)
(09:42:53.096) ERROR: [TadGlobalStatusFactory] MQX data not valid!
(09:42:53.096) INFO: [TadModel$3] Loading of TAD Global Status took 522 ms
(09:42:53.096) INFO: [TadGlobalStatusController] TAD global status data is ready!
(09:42:59.211) INFO: [TadState] TAD state changed from READY to DEBUG_RESUMED (Resumed, USER_REQUEST)
(09:44:30.667) INFO: [TadState] TAD state changed from DEBUG_RESUMED to READY (Suspended, SIGNAL)
(09:44:31.194) ReadingException: com.freescale.mqx.gdb.tad.model.globalstatus.TadGlobalStatusFactory.isMqxDataValid() at 60.line "readLongVariableSafely(_mqx_kernel_data)"
(09:44:31.194) ERROR: [TadGlobalStatusFactory] Kernel Data NOT valid (pointer: 0x0000)
(09:44:31.194) ERROR: [TadGlobalStatusFactory] MQX data not valid!
(09:44:31.194) INFO: [TadModel$3] Loading of TAD Global Status took 511 ms
(09:44:31.194) INFO: [TadGlobalStatusController] TAD global status data is ready!
(09:44:32.937) INFO: [TadModel] DSF session ID 1 has ended
(09:44:38.315) INFO: [TadModel] DSF session ID 2 has started
(09:44:43.665) INFO: [TadState] TAD state changed from DEBUG_STARTED to DEBUG_INIT_0 (Suspended, USER_REQUEST)
(09:44:46.273) INFO: [TadState] TAD state changed from DEBUG_INIT_0 to DEBUG_INIT_1 (Resumed, USER_REQUEST)
(09:44:46.304) INFO: [TadState] TAD state changed from DEBUG_INIT_1 to DEBUG_SUSPENDED (Suspended, BREAKPOINT)
(09:45:15.174) INFO: [TadState] TAD state changed from DEBUG_SUSPENDED to DEBUG_RESUMED (Resumed, USER_REQUEST)
(09:45:15.205) INFO: [TadState] TAD state changed from DEBUG_RESUMED to READY (Suspended, BREAKPOINT)
(09:45:15.727) ReadingException: com.freescale.mqx.gdb.tad.model.globalstatus.TadGlobalStatusFactory.isMqxDataValid() at 60.line "readLongVariableSafely(_mqx_kernel_data)"
(09:45:15.727) ERROR: [TadGlobalStatusFactory] Kernel Data NOT valid (pointer: 0x0000)
(09:45:15.727) ERROR: [TadGlobalStatusFactory] MQX data not valid!
(09:45:15.727) INFO: [TadModel$3] Loading of TAD Global Status took 522 ms
(09:45:15.727) INFO: [TadGlobalStatusController] TAD global status data is ready!
(09:45:16.886) INFO: [TadState] TAD state changed from READY to DEBUG_RESUMED (Resumed, USER_REQUEST)
(09:45:16.918) INFO: [TadState] TAD state changed from DEBUG_RESUMED to READY (Suspended, BREAKPOINT)
(09:45:17.433) ReadingException: com.freescale.mqx.gdb.tad.model.globalstatus.TadGlobalStatusFactory.isMqxDataValid() at 60.line "readLongVariableSafely(_mqx_kernel_data)"
(09:45:17.433) ERROR: [TadGlobalStatusFactory] Kernel Data NOT valid (pointer: 0x0000)
(09:45:17.433) ERROR: [TadGlobalStatusFactory] MQX data not valid!
(09:45:17.433) INFO: [TadModel$3] Loading of TAD Global Status took 515 ms
(09:45:17.433) INFO: [TadGlobalStatusController] TAD global status data is ready!
(09:45:23.074) INFO: [TadModel] DSF session ID 2 has ended
(09:45:25.434) INFO: [TadModel] DSF session ID 3 has started
(09:45:30.923) INFO: [TadState] TAD state changed from DEBUG_STARTED to DEBUG_INIT_0 (Suspended, USER_REQUEST)
(09:45:32.780) INFO: [TadState] TAD state changed from DEBUG_INIT_0 to DEBUG_INIT_1 (Resumed, USER_REQUEST)
(09:45:32.811) INFO: [TadState] TAD state changed from DEBUG_INIT_1 to DEBUG_SUSPENDED (Suspended, BREAKPOINT)
(09:45:36.629) INFO: [TadState] TAD state changed from DEBUG_SUSPENDED to DEBUG_RESUMED (Resumed, USER_REQUEST)
(09:45:38.769) INFO: [TadState] TAD state changed from DEBUG_RESUMED to READY (Suspended, SIGNAL)
(09:45:39.285) ReadingException: com.freescale.mqx.gdb.tad.model.globalstatus.TadGlobalStatusFactory.isMqxDataValid() at 60.line "readLongVariableSafely(_mqx_kernel_data)"
(09:45:39.285) ERROR: [TadGlobalStatusFactory] Kernel Data NOT valid (pointer: 0x0000)
(09:45:39.285) ERROR: [TadGlobalStatusFactory] MQX data not valid!
(09:45:39.285) INFO: [TadModel$3] Loading of TAD Global Status took 516 ms
(09:45:39.285) INFO: [TadGlobalStatusController] TAD global status data is ready!
(09:45:41.176) INFO: [TadState] TAD state changed from READY to DEBUG_RESUMED (Resumed, USER_REQUEST)
(09:45:57.288) INFO: [TadState] TAD state changed from DEBUG_RESUMED to READY (Suspended, SIGNAL)
(09:45:57.812) ReadingException: com.freescale.mqx.gdb.tad.model.globalstatus.TadGlobalStatusFactory.isMqxDataValid() at 60.line "readLongVariableSafely(_mqx_kernel_data)"
(09:45:57.812) ERROR: [TadGlobalStatusFactory] Kernel Data NOT valid (pointer: 0x0000)
(09:45:57.812) ERROR: [TadGlobalStatusFactory] MQX data not valid!
(09:45:57.812) INFO: [TadModel$3] Loading of TAD Global Status took 508 ms
(09:45:57.812) INFO: [TadGlobalStatusController] TAD global status data is ready!
(09:45:59.866) INFO: [TadModel] DSF session ID 3 has ended
(09:52:30.108) INFO: [TadModel] DSF session ID 4 has started
(09:52:34.703) INFO: [TadState] TAD state changed from DEBUG_STARTED to DEBUG_INIT_0 (Suspended, USER_REQUEST)
(09:52:37.373) INFO: [TadState] TAD state changed from DEBUG_INIT_0 to DEBUG_INIT_1 (Resumed, USER_REQUEST)
(09:52:37.404) INFO: [TadState] TAD state changed from DEBUG_INIT_1 to DEBUG_SUSPENDED (Suspended, BREAKPOINT)
(09:52:40.299) INFO: [TadState] TAD state changed from DEBUG_SUSPENDED to DEBUG_RESUMED (Resumed, USER_REQUEST)
(09:53:26.082) INFO: [TadModel] DSF session ID 5 has started
(09:53:30.259) INFO: [TadModel] DSF session ID 4 has ended
(09:53:32.667) INFO: [TadState] TAD state changed from NONE to DEBUG_INIT_0 (Suspended, USER_REQUEST)
(09:53:34.537) INFO: [TadState] TAD state changed from DEBUG_INIT_0 to DEBUG_INIT_1 (Resumed, USER_REQUEST)
(09:53:34.568) INFO: [TadState] TAD state changed from DEBUG_INIT_1 to DEBUG_SUSPENDED (Suspended, BREAKPOINT)
(09:53:42.571) INFO: [TadState] TAD state changed from DEBUG_SUSPENDED to DEBUG_RESUMED (Resumed, STEP)
(09:53:42.633) INFO: [TadState] TAD state changed from DEBUG_RESUMED to READY (Suspended, STEP)
(09:53:43.149) ReadingException: com.freescale.mqx.gdb.tad.model.globalstatus.TadGlobalStatusFactory.isMqxDataValid() at 60.line "readLongVariableSafely(_mqx_kernel_data)"
(09:53:43.149) ERROR: [TadGlobalStatusFactory] Kernel Data NOT valid (pointer: 0x0000)
(09:53:43.149) ERROR: [TadGlobalStatusFactory] MQX data not valid!
(09:53:43.149) INFO: [TadModel$3] Loading of TAD Global Status took 516 ms
(09:53:43.149) INFO: [TadGlobalStatusController] TAD global status data is ready!
(09:53:46.303) INFO: [TadState] TAD state changed from READY to DEBUG_RESUMED (Resumed, STEP)
(09:56:56.381) INFO: [TadModel] DSF session ID 6 has started
(09:56:58.858) INFO: [TadModel] DSF session ID 6 has ended
(09:57:04.265) INFO: [TadModel] DSF session ID 7 has started
(09:57:09.113) INFO: [TadModel] DSF session ID 5 has ended
(09:57:12.205) INFO: [TadState] TAD state changed from NONE to DEBUG_INIT_0 (Suspended, USER_REQUEST)
(09:57:14.836) INFO: [TadState] TAD state changed from DEBUG_INIT_0 to DEBUG_INIT_1 (Resumed, USER_REQUEST)
(09:57:14.867) INFO: [TadState] TAD state changed from DEBUG_INIT_1 to DEBUG_SUSPENDED (Suspended, BREAKPOINT)
(09:57:17.173) INFO: [TadState] TAD state changed from DEBUG_SUSPENDED to DEBUG_RESUMED (Resumed, USER_REQUEST)
(09:58:19.507) INFO: [TadState] TAD state changed from DEBUG_RESUMED to READY (Suspended, SIGNAL)
(09:58:20.032) ReadingException: com.freescale.mqx.gdb.tad.model.globalstatus.TadGlobalStatusFactory.isMqxDataValid() at 60.line "readLongVariableSafely(_mqx_kernel_data)"
(09:58:20.032) ERROR: [TadGlobalStatusFactory] Kernel Data NOT valid (pointer: 0x0000)
(09:58:20.032) ERROR: [TadGlobalStatusFactory] MQX data not valid!
(09:58:20.032) INFO: [TadModel$3] Loading of TAD Global Status took 509 ms
(09:58:20.032) INFO: [TadGlobalStatusController] TAD global status data is ready!
(09:58:21.664) INFO: [TadModel] DSF session ID 7 has ended
(09:58:27.314) INFO: [TadModel] DSF session ID 8 has started
(09:58:32.129) INFO: [TadState] TAD state changed from DEBUG_STARTED to DEBUG_INIT_0 (Suspended, USER_REQUEST)
(09:58:34.764) INFO: [TadState] TAD state changed from DEBUG_INIT_0 to DEBUG_INIT_1 (Resumed, USER_REQUEST)
(09:58:34.795) INFO: [TadState] TAD state changed from DEBUG_INIT_1 to DEBUG_SUSPENDED (Suspended, BREAKPOINT)
(09:58:39.163) INFO: [TadState] TAD state changed from DEBUG_SUSPENDED to DEBUG_RESUMED (Resumed, USER_REQUEST)
(09:58:58.539) INFO: [TadState] TAD state changed from DEBUG_RESUMED to READY (Suspended, SIGNAL)
(09:58:59.052) ReadingException: com.freescale.mqx.gdb.tad.model.globalstatus.TadGlobalStatusFactory.isMqxDataValid() at 60.line "readLongVariableSafely(_mqx_kernel_data)"
(09:58:59.052) ERROR: [TadGlobalStatusFactory] Kernel Data NOT valid (pointer: 0x0000)
(09:58:59.052) ERROR: [TadGlobalStatusFactory] MQX data not valid!
(09:58:59.052) INFO: [TadModel$3] Loading of TAD Global Status took 513 ms
(09:58:59.052) INFO: [TadGlobalStatusController] TAD global status data is ready!
(09:59:01.055) INFO: [TadModel] DSF session ID 8 has ended
(10:00:22.618) INFO: [TadModel] DSF session ID 9 has started
(10:00:25.171) INFO: [TadState] TAD state changed from DEBUG_STARTED to DEBUG_INIT_0 (Suspended, USER_REQUEST)
(10:00:27.775) INFO: [TadState] TAD state changed from DEBUG_INIT_0 to DEBUG_INIT_1 (Resumed, USER_REQUEST)
(10:00:27.806) INFO: [TadState] TAD state changed from DEBUG_INIT_1 to DEBUG_SUSPENDED (Suspended, BREAKPOINT)
(10:00:31.294) INFO: [TadState] TAD state changed from DEBUG_SUSPENDED to DEBUG_RESUMED (Resumed, USER_REQUEST)
(10:00:47.121) INFO: [TadState] TAD state changed from DEBUG_RESUMED to READY (Suspended, SIGNAL)
(10:00:47.638) ReadingException: com.freescale.mqx.gdb.tad.model.globalstatus.TadGlobalStatusFactory.isMqxDataValid() at 60.line "readLongVariableSafely(_mqx_kernel_data)"
(10:00:47.638) ERROR: [TadGlobalStatusFactory] Kernel Data NOT valid (pointer: 0x0000)
(10:00:47.638) ERROR: [TadGlobalStatusFactory] MQX data not valid!
(10:00:47.638) INFO: [TadModel$3] Loading of TAD Global Status took 517 ms
(10:00:47.638) INFO: [TadGlobalStatusController] TAD global status data is ready!
(10:00:49.664) INFO: [TadModel] DSF session ID 9 has ended
(10:08:40.970) INFO: [TadModel] DSF session ID 10 has started
(10:08:45.582) INFO: [TadState] TAD state changed from DEBUG_STARTED to DEBUG_INIT_0 (Suspended, USER_REQUEST)
(10:08:48.287) INFO: [TadState] TAD state changed from DEBUG_INIT_0 to DEBUG_INIT_1 (Resumed, USER_REQUEST)
(10:08:48.318) INFO: [TadState] TAD state changed from DEBUG_INIT_1 to DEBUG_SUSPENDED (Suspended, BREAKPOINT)
(10:08:49.814) INFO: [TadState] TAD state changed from DEBUG_SUSPENDED to DEBUG_RESUMED (Resumed, USER_REQUEST)
(10:09:09.542) INFO: [TadState] TAD state changed from DEBUG_RESUMED to READY (Suspended, SIGNAL)
(10:09:10.057) ReadingException: com.freescale.mqx.gdb.tad.model.globalstatus.TadGlobalStatusFactory.isMqxDataValid() at 60.line "readLongVariableSafely(_mqx_kernel_data)"
(10:09:10.057) ERROR: [TadGlobalStatusFactory] Kernel Data NOT valid (pointer: 0x0000)
(10:09:10.057) ERROR: [TadGlobalStatusFactory] MQX data not valid!
(10:09:10.057) INFO: [TadModel$3] Loading of TAD Global Status took 515 ms
(10:09:10.057) INFO: [TadGlobalStatusController] TAD global status data is ready!
(10:09:11.973) INFO: [TadModel] DSF session ID 10 has ended
(10:16:03.743) INFO: [TadModel] DSF session ID 11 has started
(10:16:07.119) INFO: [TadState] TAD state changed from DEBUG_STARTED to DEBUG_INIT_0 (Suspended, USER_REQUEST)
(10:16:09.769) INFO: [TadState] TAD state changed from DEBUG_INIT_0 to DEBUG_INIT_1 (Resumed, USER_REQUEST)
(10:16:09.800) INFO: [TadState] TAD state changed from DEBUG_INIT_1 to DEBUG_SUSPENDED (Suspended, BREAKPOINT)
(10:16:12.005) INFO: [TadState] TAD state changed from DEBUG_SUSPENDED to DEBUG_RESUMED (Resumed, USER_REQUEST)
(10:16:18.603) INFO: [TadState] TAD state changed from DEBUG_RESUMED to READY (Suspended, SIGNAL)
(10:16:19.124) ReadingException: com.freescale.mqx.gdb.tad.model.globalstatus.TadGlobalStatusFactory.isMqxDataValid() at 60.line "readLongVariableSafely(_mqx_kernel_data)"
(10:16:19.124) ERROR: [TadGlobalStatusFactory] Kernel Data NOT valid (pointer: 0x0000)
(10:16:19.124) ERROR: [TadGlobalStatusFactory] MQX data not valid!
(10:16:19.124) INFO: [TadModel$3] Loading of TAD Global Status took 521 ms
(10:16:19.124) INFO: [TadGlobalStatusController] TAD global status data is ready!
(10:16:20.776) INFO: [TadModel] DSF session ID 11 has ended
(10:16:50.027) INFO: [TadModel] DSF session ID 12 has started
(10:16:51.617) INFO: [TadModel] DSF session ID 12 has ended
(10:23:13.508) INFO: [TadModel] DSF session ID 13 has started
(10:23:15.216) INFO: [TadModel] DSF session ID 13 has ended
(10:23:22.710) INFO: [TadModel] DSF session ID 14 has started
(10:23:24.574) INFO: [TadModel] DSF session ID 14 has ended
(10:23:37.616) INFO: [TadModel] DSF session ID 15 has started
(10:23:40.862) INFO: [TadState] TAD state changed from DEBUG_STARTED to DEBUG_INIT_0 (Suspended, USER_REQUEST)
(10:23:43.520) INFO: [TadState] TAD state changed from DEBUG_INIT_0 to DEBUG_INIT_1 (Resumed, USER_REQUEST)
(10:23:43.551) INFO: [TadState] TAD state changed from DEBUG_INIT_1 to DEBUG_SUSPENDED (Suspended, BREAKPOINT)
(10:23:46.254) INFO: [TadState] TAD state changed from DEBUG_SUSPENDED to DEBUG_RESUMED (Resumed, USER_REQUEST)
(10:24:48.395) INFO: [TadState] TAD state changed from DEBUG_RESUMED to READY (Suspended, SIGNAL)
(10:24:48.916) ReadingException: com.freescale.mqx.gdb.tad.model.globalstatus.TadGlobalStatusFactory.isMqxDataValid() at 60.line "readLongVariableSafely(_mqx_kernel_data)"
(10:24:48.916) ERROR: [TadGlobalStatusFactory] Kernel Data NOT valid (pointer: 0x0000)
(10:24:48.916) ERROR: [TadGlobalStatusFactory] MQX data not valid!
(10:24:48.916) INFO: [TadModel$3] Loading of TAD Global Status took 506 ms
(10:24:48.916) INFO: [TadGlobalStatusController] TAD global status data is ready!
(10:24:52.792) INFO: [TadState] TAD state changed from READY to DEBUG_RESUMED (Resumed, USER_REQUEST)
(10:25:50.701) INFO: [TadState] TAD state changed from DEBUG_RESUMED to READY (Suspended, SIGNAL)
(10:25:51.214) ReadingException: com.freescale.mqx.gdb.tad.model.globalstatus.TadGlobalStatusFactory.isMqxDataValid() at 60.line "readLongVariableSafely(_mqx_kernel_data)"
(10:25:51.214) ERROR: [TadGlobalStatusFactory] Kernel Data NOT valid (pointer: 0x0000)
(10:25:51.214) ERROR: [TadGlobalStatusFactory] MQX data not valid!
(10:25:51.214) INFO: [TadModel$3] Loading of TAD Global Status took 513 ms
(10:25:51.214) INFO: [TadGlobalStatusController] TAD global status data is ready!
(10:25:53.183) INFO: [TadModel] DSF session ID 15 has ended
(10:33:41.306) INFO: [TadModel] DSF session ID 16 has started
(10:33:44.516) INFO: [TadState] TAD state changed from DEBUG_STARTED to DEBUG_INIT_0 (Suspended, USER_REQUEST)
(10:33:47.184) INFO: [TadState] TAD state changed from DEBUG_INIT_0 to DEBUG_INIT_1 (Resumed, USER_REQUEST)
(10:33:47.202) INFO: [TadState] TAD state changed from DEBUG_INIT_1 to DEBUG_SUSPENDED (Suspended, BREAKPOINT)
(10:33:49.922) INFO: [TadState] TAD state changed from DEBUG_SUSPENDED to DEBUG_RESUMED (Resumed, USER_REQUEST)
(10:34:00.467) INFO: [TadState] TAD state changed from DEBUG_RESUMED to READY (Suspended, SIGNAL)
(10:34:00.998) ReadingException: com.freescale.mqx.gdb.tad.model.globalstatus.TadGlobalStatusFactory.isMqxDataValid() at 60.line "readLongVariableSafely(_mqx_kernel_data)"
(10:34:00.998) ERROR: [TadGlobalStatusFactory] Kernel Data NOT valid (pointer: 0x0000)
(10:34:00.998) ERROR: [TadGlobalStatusFactory] MQX data not valid!
(10:34:00.998) INFO: [TadModel$3] Loading of TAD Global Status took 515 ms
(10:34:00.998) INFO: [TadGlobalStatusController] TAD global status data is ready!
(10:34:02.673) INFO: [TadModel] DSF session ID 16 has ended
(10:34:37.857) INFO: [TadModel] DSF session ID 17 has started
(10:34:41.260) INFO: [TadState] TAD state changed from DEBUG_STARTED to DEBUG_INIT_0 (Suspended, USER_REQUEST)
(10:34:43.930) INFO: [TadState] TAD state changed from DEBUG_INIT_0 to DEBUG_INIT_1 (Resumed, USER_REQUEST)
(10:34:43.961) INFO: [TadState] TAD state changed from DEBUG_INIT_1 to DEBUG_SUSPENDED (Suspended, BREAKPOINT)
(10:34:45.937) INFO: [TadState] TAD state changed from DEBUG_SUSPENDED to DEBUG_RESUMED (Resumed, USER_REQUEST)
(10:36:06.222) INFO: [TadState] TAD state changed from DEBUG_RESUMED to READY (Suspended, SIGNAL)
(10:36:06.727) ReadingException: com.freescale.mqx.gdb.tad.model.globalstatus.TadGlobalStatusFactory.isMqxDataValid() at 60.line "readLongVariableSafely(_mqx_kernel_data)"
(10:36:06.727) ERROR: [TadGlobalStatusFactory] Kernel Data NOT valid (pointer: 0x0000)
(10:36:06.727) ERROR: [TadGlobalStatusFactory] MQX data not valid!
(10:36:06.727) INFO: [TadModel$3] Loading of TAD Global Status took 501 ms
(10:36:06.727) INFO: [TadGlobalStatusController] TAD global status data is ready!
(10:36:08.396) INFO: [TadModel] DSF session ID 17 has ended
(10:36:14.300) INFO: [TadModel] DSF session ID 18 has started
(10:36:17.501) INFO: [TadState] TAD state changed from DEBUG_STARTED to DEBUG_INIT_0 (Suspended, USER_REQUEST)
(10:36:20.135) INFO: [TadState] TAD state changed from DEBUG_INIT_0 to DEBUG_INIT_1 (Resumed, USER_REQUEST)
(10:36:20.167) INFO: [TadState] TAD state changed from DEBUG_INIT_1 to DEBUG_SUSPENDED (Suspended, BREAKPOINT)
(10:36:22.724) INFO: [TadState] TAD state changed from DEBUG_SUSPENDED to DEBUG_RESUMED (Resumed, USER_REQUEST)
(10:36:47.325) INFO: [TadState] TAD state changed from DEBUG_RESUMED to READY (Suspended, SIGNAL)
(10:36:47.854) ReadingException: com.freescale.mqx.gdb.tad.model.globalstatus.TadGlobalStatusFactory.isMqxDataValid() at 60.line "readLongVariableSafely(_mqx_kernel_data)"
(10:36:47.854) ERROR: [TadGlobalStatusFactory] Kernel Data NOT valid (pointer: 0x0000)
(10:36:47.854) ERROR: [TadGlobalStatusFactory] MQX data not valid!
(10:36:47.854) INFO: [TadModel$3] Loading of TAD Global Status took 513 ms
(10:36:47.854) INFO: [TadGlobalStatusController] TAD global status data is ready!
(10:36:49.865) INFO: [TadModel] DSF session ID 18 has ended
(10:40:42.466) INFO: [TadModel] DSF session ID 19 has started
(10:40:45.651) INFO: [TadState] TAD state changed from DEBUG_STARTED to DEBUG_INIT_0 (Suspended, USER_REQUEST)
(10:40:48.309) INFO: [TadState] TAD state changed from DEBUG_INIT_0 to DEBUG_INIT_1 (Resumed, USER_REQUEST)
(10:40:48.343) INFO: [TadState] TAD state changed from DEBUG_INIT_1 to DEBUG_SUSPENDED (Suspended, BREAKPOINT)
(10:40:49.562) INFO: [TadState] TAD state changed from DEBUG_SUSPENDED to DEBUG_RESUMED (Resumed, USER_REQUEST)
(10:41:10.316) INFO: [TadState] TAD state changed from DEBUG_RESUMED to READY (Suspended, SIGNAL)
(10:41:10.822) ReadingException: com.freescale.mqx.gdb.tad.model.globalstatus.TadGlobalStatusFactory.isMqxDataValid() at 60.line "readLongVariableSafely(_mqx_kernel_data)"
(10:41:10.822) ERROR: [TadGlobalStatusFactory] Kernel Data NOT valid (pointer: 0x0000)
(10:41:10.822) ERROR: [TadGlobalStatusFactory] MQX data not valid!
(10:41:10.822) INFO: [TadModel$3] Loading of TAD Global Status took 504 ms
(10:41:10.822) INFO: [TadGlobalStatusController] TAD global status data is ready!
(10:41:12.524) INFO: [TadModel] DSF session ID 19 has ended
(10:41:41.418) INFO: [TadModel] DSF session ID 20 has started
(10:41:47.163) INFO: [TadState] TAD state changed from DEBUG_STARTED to DEBUG_INIT_0 (Suspended, USER_REQUEST)
(10:41:49.806) INFO: [TadState] TAD state changed from DEBUG_INIT_0 to DEBUG_INIT_1 (Resumed, USER_REQUEST)
(10:41:49.846) INFO: [TadState] TAD state changed from DEBUG_INIT_1 to DEBUG_SUSPENDED (Suspended, BREAKPOINT)
(10:41:51.682) INFO: [TadState] TAD state changed from DEBUG_SUSPENDED to DEBUG_RESUMED (Resumed, USER_REQUEST)
(10:42:31.644) INFO: [TadModel] DSF session ID 21 has started
(10:42:35.960) INFO: [TadModel] DSF session ID 22 has started
(10:42:36.126) INFO: [TadModel] DSF session ID 20 has ended
(10:42:39.472) INFO: [TadState] TAD state changed from NONE to DEBUG_INIT_0 (Suspended, USER_REQUEST)
(10:42:41.943) INFO: [TadModel] DSF session ID 21 has ended
(10:42:43.821) INFO: [TadState] TAD state changed from NONE to DEBUG_INIT_0 (Suspended, USER_REQUEST)
(10:42:51.424) INFO: [TadState] TAD state changed from DEBUG_INIT_0 to DEBUG_INIT_1 (Resumed, USER_REQUEST)
(10:42:51.425) INFO: [TadState] TAD state changed from DEBUG_INIT_1 to DEBUG_SUSPENDED (Suspended, SIGNAL)
(10:42:53.667) INFO: [TadModel] DSF session ID 22 has ended
(10:42:59.840) INFO: [TadModel] DSF session ID 23 has started
(10:43:02.549) INFO: [TadState] TAD state changed from DEBUG_STARTED to DEBUG_INIT_0 (Suspended, USER_REQUEST)
(10:43:04.473) INFO: [TadState] TAD state changed from DEBUG_INIT_0 to DEBUG_INIT_1 (Resumed, USER_REQUEST)
(10:43:04.504) INFO: [TadState] TAD state changed from DEBUG_INIT_1 to DEBUG_SUSPENDED (Suspended, BREAKPOINT)
(10:43:07.311) INFO: [TadState] TAD state changed from DEBUG_SUSPENDED to DEBUG_RESUMED (Resumed, USER_REQUEST)
(10:43:24.895) INFO: [TadState] TAD state changed from DEBUG_RESUMED to READY (Suspended, SIGNAL)
(10:43:25.409) ReadingException: com.freescale.mqx.gdb.tad.model.globalstatus.TadGlobalStatusFactory.isMqxDataValid() at 60.line "readLongVariableSafely(_mqx_kernel_data)"
(10:43:25.409) ERROR: [TadGlobalStatusFactory] Kernel Data NOT valid (pointer: 0x0000)
(10:43:25.409) ERROR: [TadGlobalStatusFactory] MQX data not valid!
(10:43:25.409) INFO: [TadModel$3] Loading of TAD Global Status took 512 ms
(10:43:25.409) INFO: [TadGlobalStatusController] TAD global status data is ready!
(10:43:27.064) INFO: [TadModel] DSF session ID 23 has ended
(10:54:07.365) INFO: [TadModel] DSF session ID 24 has started
(10:54:24.816) INFO: [TadModel] DSF session ID 25 has started
(10:54:25.191) INFO: [TadModel] DSF session ID 24 has ended
(10:54:27.317) INFO: [TadState] TAD state changed from NONE to DEBUG_INIT_0 (Suspended, USER_REQUEST)
(10:54:27.517) INFO: [TadModel] DSF session ID 26 has started
(10:54:29.135) INFO: [TadModel] DSF session ID 26 has ended
(10:54:30.051) INFO: [TadState] TAD state changed from NONE to DEBUG_INIT_0 (Resumed, USER_REQUEST)
(10:54:30.082) INFO: [TadState] TAD state changed from DEBUG_INIT_0 to DEBUG_INIT_1 (Suspended, BREAKPOINT)
(10:54:33.224) INFO: [TadState] TAD state changed from DEBUG_INIT_1 to DEBUG_SUSPENDED (Resumed, USER_REQUEST)
(10:54:33.250) INFO: [TadState] TAD state changed from DEBUG_SUSPENDED to DEBUG_RESUMED (Suspended, SIGNAL)
(10:54:38.292) INFO: [TadState] TAD state changed from DEBUG_RESUMED to READY (Resumed, USER_REQUEST)
(10:54:47.779) INFO: [TadState] TAD state changed from READY to DEBUG_RESUMED (Suspended, SIGNAL)
(10:54:49.950) INFO: [TadModel] DSF session ID 25 has ended
(10:55:30.641) INFO: [TadModel] DSF session ID 27 has started
(10:55:35.379) INFO: [TadState] TAD state changed from DEBUG_STARTED to DEBUG_INIT_0 (Suspended, USER_REQUEST)
(10:55:38.053) INFO: [TadState] TAD state changed from DEBUG_INIT_0 to DEBUG_INIT_1 (Resumed, USER_REQUEST)
(10:55:38.085) INFO: [TadState] TAD state changed from DEBUG_INIT_1 to DEBUG_SUSPENDED (Suspended, BREAKPOINT)
(10:55:39.736) INFO: [TadState] TAD state changed from DEBUG_SUSPENDED to DEBUG_RESUMED (Resumed, USER_REQUEST)
(10:55:39.762) INFO: [TadState] TAD state changed from DEBUG_RESUMED to READY (Suspended, SIGNAL)
(10:55:40.273) ReadingException: com.freescale.mqx.gdb.tad.model.globalstatus.TadGlobalStatusFactory.isMqxDataValid() at 60.line "readLongVariableSafely(_mqx_kernel_data)"
(10:55:40.273) ERROR: [TadGlobalStatusFactory] Kernel Data NOT valid (pointer: 0x0000)
(10:55:40.273) ERROR: [TadGlobalStatusFactory] MQX data not valid!
(10:55:40.273) INFO: [TadModel$3] Loading of TAD Global Status took 511 ms
(10:55:40.273) INFO: [TadGlobalStatusController] TAD global status data is ready!
(10:55:41.523) INFO: [TadState] TAD state changed from READY to DEBUG_RESUMED (Resumed, USER_REQUEST)
(10:55:45.947) INFO: [TadState] TAD state changed from DEBUG_RESUMED to READY (Suspended, SIGNAL)
(10:55:46.468) ReadingException: com.freescale.mqx.gdb.tad.model.globalstatus.TadGlobalStatusFactory.isMqxDataValid() at 60.line "readLongVariableSafely(_mqx_kernel_data)"
(10:55:46.468) ERROR: [TadGlobalStatusFactory] Kernel Data NOT valid (pointer: 0x0000)
(10:55:46.468) ERROR: [TadGlobalStatusFactory] MQX data not valid!
(10:55:46.468) INFO: [TadModel$3] Loading of TAD Global Status took 521 ms
(10:55:46.468) INFO: [TadGlobalStatusController] TAD global status data is ready!
(10:55:48.180) INFO: [TadModel] DSF session ID 27 has ended
(10:56:34.149) INFO: [TadModel] DSF session ID 28 has started
(10:56:38.949) INFO: [TadState] TAD state changed from DEBUG_STARTED to DEBUG_INIT_0 (Suspended, USER_REQUEST)
(10:56:41.596) INFO: [TadState] TAD state changed from DEBUG_INIT_0 to DEBUG_INIT_1 (Resumed, USER_REQUEST)
(10:56:41.628) INFO: [TadState] TAD state changed from DEBUG_INIT_1 to DEBUG_SUSPENDED (Suspended, BREAKPOINT)
(10:56:44.180) INFO: [TadState] TAD state changed from DEBUG_SUSPENDED to DEBUG_RESUMED (Resumed, USER_REQUEST)
(10:56:44.207) INFO: [TadState] TAD state changed from DEBUG_RESUMED to READY (Suspended, SIGNAL)
(10:56:44.730) ReadingException: com.freescale.mqx.gdb.tad.model.globalstatus.TadGlobalStatusFactory.isMqxDataValid() at 60.line "readLongVariableSafely(_mqx_kernel_data)"
(10:56:44.730) ERROR: [TadGlobalStatusFactory] Kernel Data NOT valid (pointer: 0x0000)
(10:56:44.730) ERROR: [TadGlobalStatusFactory] MQX data not valid!
(10:56:44.730) INFO: [TadModel$3] Loading of TAD Global Status took 523 ms
(10:56:44.730) INFO: [TadGlobalStatusController] TAD global status data is ready!
(10:56:45.797) INFO: [TadState] TAD state changed from READY to DEBUG_RESUMED (Resumed, USER_REQUEST)
(10:56:48.705) INFO: [TadState] TAD state changed from DEBUG_RESUMED to READY (Suspended, SIGNAL)
(10:56:49.219) ReadingException: com.freescale.mqx.gdb.tad.model.globalstatus.TadGlobalStatusFactory.isMqxDataValid() at 60.line "readLongVariableSafely(_mqx_kernel_data)"
(10:56:49.219) ERROR: [TadGlobalStatusFactory] Kernel Data NOT valid (pointer: 0x0000)
(10:56:49.219) ERROR: [TadGlobalStatusFactory] MQX data not valid!
(10:56:49.219) INFO: [TadModel$3] Loading of TAD Global Status took 514 ms
(10:56:49.219) INFO: [TadGlobalStatusController] TAD global status data is ready!
(10:56:57.275) INFO: [TadState] TAD state changed from READY to DEBUG_RESUMED (Resumed, USER_REQUEST)
(10:57:03.675) INFO: [TadState] TAD state changed from DEBUG_RESUMED to READY (Suspended, SIGNAL)
(10:57:04.193) ReadingException: com.freescale.mqx.gdb.tad.model.globalstatus.TadGlobalStatusFactory.isMqxDataValid() at 60.line "readLongVariableSafely(_mqx_kernel_data)"
(10:57:04.193) ERROR: [TadGlobalStatusFactory] Kernel Data NOT valid (pointer: 0x0000)
(10:57:04.193) ERROR: [TadGlobalStatusFactory] MQX data not valid!
(10:57:04.193) INFO: [TadModel$3] Loading of TAD Global Status took 502 ms
(10:57:04.193) INFO: [TadGlobalStatusController] TAD global status data is ready!
(10:57:05.856) INFO: [TadModel] DSF session ID 28 has ended
(10:58:39.764) INFO: [TadModel] DSF session ID 29 has started
(10:58:43.131) INFO: [TadState] TAD state changed from DEBUG_STARTED to DEBUG_INIT_0 (Suspended, USER_REQUEST)
(10:58:45.758) INFO: [TadState] TAD state changed from DEBUG_INIT_0 to DEBUG_INIT_1 (Resumed, USER_REQUEST)
(10:58:45.789) INFO: [TadState] TAD state changed from DEBUG_INIT_1 to DEBUG_SUSPENDED (Suspended, BREAKPOINT)
(10:58:47.433) INFO: [TadState] TAD state changed from DEBUG_SUSPENDED to DEBUG_RESUMED (Resumed, USER_REQUEST)
(10:58:58.579) INFO: [TadState] TAD state changed from DEBUG_RESUMED to READY (Suspended, SIGNAL)
(10:58:59.095) ReadingException: com.freescale.mqx.gdb.tad.model.globalstatus.TadGlobalStatusFactory.isMqxDataValid() at 60.line "readLongVariableSafely(_mqx_kernel_data)"
(10:58:59.095) ERROR: [TadGlobalStatusFactory] Kernel Data NOT valid (pointer: 0x0000)
(10:58:59.095) ERROR: [TadGlobalStatusFactory] MQX data not valid!
(10:58:59.095) INFO: [TadModel$3] Loading of TAD Global Status took 516 ms
(10:58:59.095) INFO: [TadGlobalStatusController] TAD global status data is ready!
(10:59:00.755) INFO: [TadModel] DSF session ID 29 has ended
(11:01:16.229) INFO: [TadModel] DSF session ID 30 has started
(11:01:19.553) INFO: [TadState] TAD state changed from DEBUG_STARTED to DEBUG_INIT_0 (Suspended, USER_REQUEST)
(11:01:22.221) INFO: [TadState] TAD state changed from DEBUG_INIT_0 to DEBUG_INIT_1 (Resumed, USER_REQUEST)
(11:01:22.252) INFO: [TadState] TAD state changed from DEBUG_INIT_1 to DEBUG_SUSPENDED (Suspended, BREAKPOINT)
(11:01:27.023) INFO: [TadState] TAD state changed from DEBUG_SUSPENDED to DEBUG_RESUMED (Resumed, USER_REQUEST)
(11:02:05.102) INFO: [TadState] TAD state changed from DEBUG_RESUMED to READY (Suspended, SIGNAL)
(11:02:05.609) ReadingException: com.freescale.mqx.gdb.tad.model.globalstatus.TadGlobalStatusFactory.isMqxDataValid() at 60.line "readLongVariableSafely(_mqx_kernel_data)"
(11:02:05.609) ERROR: [TadGlobalStatusFactory] Kernel Data NOT valid (pointer: 0x0000)
(11:02:05.609) ERROR: [TadGlobalStatusFactory] MQX data not valid!
(11:02:05.609) INFO: [TadModel$3] Loading of TAD Global Status took 505 ms
(11:02:05.609) INFO: [TadGlobalStatusController] TAD global status data is ready!
(11:02:07.271) INFO: [TadModel] DSF session ID 30 has ended
(11:08:36.296) INFO: [TadModel] DSF session ID 31 has started
(11:08:39.712) INFO: [TadState] TAD state changed from DEBUG_STARTED to DEBUG_INIT_0 (Suspended, USER_REQUEST)
(11:08:42.370) INFO: [TadState] TAD state changed from DEBUG_INIT_0 to DEBUG_INIT_1 (Resumed, USER_REQUEST)
(11:08:42.401) INFO: [TadState] TAD state changed from DEBUG_INIT_1 to DEBUG_SUSPENDED (Suspended, BREAKPOINT)
(11:08:45.616) INFO: [TadState] TAD state changed from DEBUG_SUSPENDED to DEBUG_RESUMED (Resumed, USER_REQUEST)
(11:09:29.059) INFO: [TadState] TAD state changed from DEBUG_RESUMED to READY (Suspended, SIGNAL)
(11:09:29.579) ReadingException: com.freescale.mqx.gdb.tad.model.globalstatus.TadGlobalStatusFactory.isMqxDataValid() at 60.line "readLongVariableSafely(_mqx_kernel_data)"
(11:09:29.579) ERROR: [TadGlobalStatusFactory] Kernel Data NOT valid (pointer: 0x0000)
(11:09:29.579) ERROR: [TadGlobalStatusFactory] MQX data not valid!
(11:09:29.579) INFO: [TadModel$3] Loading of TAD Global Status took 520 ms
(11:09:29.579) INFO: [TadGlobalStatusController] TAD global status data is ready!
(11:09:30.604) INFO: [TadModel] DSF session ID 32 has started
(11:09:31.301) INFO: [TadModel] DSF session ID 31 has ended
(11:09:36.083) INFO: [TadState] TAD state changed from NONE to DEBUG_INIT_0 (Suspended, USER_REQUEST)
(11:09:38.717) INFO: [TadState] TAD state changed from DEBUG_INIT_0 to DEBUG_INIT_1 (Resumed, USER_REQUEST)
(11:09:38.738) INFO: [TadState] TAD state changed from DEBUG_INIT_1 to DEBUG_SUSPENDED (Suspended, BREAKPOINT)
(11:09:39.913) INFO: [TadState] TAD state changed from DEBUG_SUSPENDED to DEBUG_RESUMED (Resumed, USER_REQUEST)
(11:11:20.835) INFO: [TadState] TAD state changed from DEBUG_RESUMED to READY (Suspended, SIGNAL)
(11:11:21.343) ReadingException: com.freescale.mqx.gdb.tad.model.globalstatus.TadGlobalStatusFactory.isMqxDataValid() at 60.line "readLongVariableSafely(_mqx_kernel_data)"
(11:11:21.343) ERROR: [TadGlobalStatusFactory] Kernel Data NOT valid (pointer: 0x0000)
(11:11:21.343) ERROR: [TadGlobalStatusFactory] MQX data not valid!
(11:11:21.343) INFO: [TadModel$3] Loading of TAD Global Status took 508 ms
(11:11:21.343) INFO: [TadGlobalStatusController] TAD global status data is ready!
(11:11:23.068) INFO: [TadModel] DSF session ID 32 has ended
(11:11:28.556) INFO: [TadModel] DSF session ID 33 has started
(11:11:31.821) INFO: [TadState] TAD state changed from DEBUG_STARTED to DEBUG_INIT_0 (Suspended, USER_REQUEST)
(11:11:34.478) INFO: [TadState] TAD state changed from DEBUG_INIT_0 to DEBUG_INIT_1 (Resumed, USER_REQUEST)
(11:11:34.510) INFO: [TadState] TAD state changed from DEBUG_INIT_1 to DEBUG_SUSPENDED (Suspended, BREAKPOINT)
(11:11:35.502) INFO: [TadState] TAD state changed from DEBUG_SUSPENDED to DEBUG_RESUMED (Resumed, USER_REQUEST)
(11:11:57.422) INFO: [TadState] TAD state changed from DEBUG_RESUMED to READY (Suspended, SIGNAL)
(11:11:57.929) ReadingException: com.freescale.mqx.gdb.tad.model.globalstatus.TadGlobalStatusFactory.isMqxDataValid() at 60.line "readLongVariableSafely(_mqx_kernel_data)"
(11:11:57.929) ERROR: [TadGlobalStatusFactory] Kernel Data NOT valid (pointer: 0x0000)
(11:11:57.929) ERROR: [TadGlobalStatusFactory] MQX data not valid!
(11:11:57.929) INFO: [TadModel$3] Loading of TAD Global Status took 502 ms
(11:11:57.929) INFO: [TadGlobalStatusController] TAD global status data is ready!
(11:11:59.547) INFO: [TadModel] DSF session ID 33 has ended
(11:12:26.437) INFO: [TadModel] DSF session ID 34 has started
(11:12:31.889) INFO: [TadState] TAD state changed from DEBUG_STARTED to DEBUG_INIT_0 (Suspended, USER_REQUEST)
(11:12:34.494) INFO: [TadState] TAD state changed from DEBUG_INIT_0 to DEBUG_INIT_1 (Resumed, USER_REQUEST)
(11:12:34.532) INFO: [TadState] TAD state changed from DEBUG_INIT_1 to DEBUG_SUSPENDED (Suspended, BREAKPOINT)
(11:12:37.422) INFO: [TadState] TAD state changed from DEBUG_SUSPENDED to DEBUG_RESUMED (Resumed, USER_REQUEST)
(11:12:54.684) INFO: [TadState] TAD state changed from DEBUG_RESUMED to READY (Suspended, SIGNAL)
(11:12:55.212) ReadingException: com.freescale.mqx.gdb.tad.model.globalstatus.TadGlobalStatusFactory.isMqxDataValid() at 60.line "readLongVariableSafely(_mqx_kernel_data)"
(11:12:55.212) ERROR: [TadGlobalStatusFactory] Kernel Data NOT valid (pointer: 0x0000)
(11:12:55.212) ERROR: [TadGlobalStatusFactory] MQX data not valid!
(11:12:55.212) INFO: [TadModel$3] Loading of TAD Global Status took 512 ms
(11:12:55.212) INFO: [TadGlobalStatusController] TAD global status data is ready!
(11:12:57.192) INFO: [TadModel] DSF session ID 34 has ended
(11:14:03.668) INFO: [TadModel] DSF session ID 35 has started
(11:14:08.389) INFO: [TadState] TAD state changed from DEBUG_STARTED to DEBUG_INIT_0 (Suspended, USER_REQUEST)
(11:14:11.016) INFO: [TadState] TAD state changed from DEBUG_INIT_0 to DEBUG_INIT_1 (Resumed, USER_REQUEST)
(11:14:11.054) INFO: [TadState] TAD state changed from DEBUG_INIT_1 to DEBUG_SUSPENDED (Suspended, BREAKPOINT)
(11:14:13.346) INFO: [TadState] TAD state changed from DEBUG_SUSPENDED to DEBUG_RESUMED (Resumed, USER_REQUEST)
(11:15:15.323) INFO: [TadState] TAD state changed from DEBUG_RESUMED to READY (Suspended, SIGNAL)
(11:15:15.839) ReadingException: com.freescale.mqx.gdb.tad.model.globalstatus.TadGlobalStatusFactory.isMqxDataValid() at 60.line "readLongVariableSafely(_mqx_kernel_data)"
(11:15:15.839) ERROR: [TadGlobalStatusFactory] Kernel Data NOT valid (pointer: 0x0000)
(11:15:15.839) ERROR: [TadGlobalStatusFactory] MQX data not valid!
(11:15:15.839) INFO: [TadModel$3] Loading of TAD Global Status took 516 ms
(11:15:15.839) INFO: [TadGlobalStatusController] TAD global status data is ready!
(11:15:16.466) INFO: [TadModel] DSF session ID 36 has started
(11:15:17.500) INFO: [TadModel] DSF session ID 35 has ended
(11:15:19.187) INFO: [TadModel] DSF session ID 36 has ended
(11:15:21.971) INFO: [TadModel] DSF session ID 37 has started
(11:15:25.667) INFO: [TadState] TAD state changed from DEBUG_STARTED to DEBUG_INIT_0 (Suspended, USER_REQUEST)
(11:15:28.358) INFO: [TadState] TAD state changed from DEBUG_INIT_0 to DEBUG_INIT_1 (Resumed, USER_REQUEST)
(11:15:28.389) INFO: [TadState] TAD state changed from DEBUG_INIT_1 to DEBUG_SUSPENDED (Suspended, BREAKPOINT)
(11:15:31.865) INFO: [TadState] TAD state changed from DEBUG_SUSPENDED to DEBUG_RESUMED (Resumed, USER_REQUEST)
(11:16:48.856) INFO: [TadState] TAD state changed from DEBUG_RESUMED to READY (Suspended, SIGNAL)
(11:16:49.380) ReadingException: com.freescale.mqx.gdb.tad.model.globalstatus.TadGlobalStatusFactory.isMqxDataValid() at 60.line "readLongVariableSafely(_mqx_kernel_data)"
(11:16:49.380) ERROR: [TadGlobalStatusFactory] Kernel Data NOT valid (pointer: 0x0000)
(11:16:49.380) ERROR: [TadGlobalStatusFactory] MQX data not valid!
(11:16:49.380) INFO: [TadModel$3] Loading of TAD Global Status took 524 ms
(11:16:49.380) INFO: [TadGlobalStatusController] TAD global status data is ready!
(11:16:51.379) INFO: [TadModel] DSF session ID 37 has ended
(11:45:21.199) INFO: [TadModel] DSF session ID 38 has started
(11:45:29.102) INFO: [TadState] TAD state changed from DEBUG_STARTED to DEBUG_INIT_0 (Suspended, USER_REQUEST)
(11:45:32.429) INFO: [TadState] TAD state changed from DEBUG_INIT_0 to DEBUG_INIT_1 (Resumed, USER_REQUEST)
(11:45:32.459) INFO: [TadState] TAD state changed from DEBUG_INIT_1 to DEBUG_SUSPENDED (Suspended, BREAKPOINT)
(11:45:38.543) INFO: [TadState] TAD state changed from DEBUG_SUSPENDED to DEBUG_RESUMED (Resumed, USER_REQUEST)
(11:45:47.398) INFO: [TadState] TAD state changed from DEBUG_RESUMED to READY (Suspended, SIGNAL)
(11:45:47.917) ReadingException: com.freescale.mqx.gdb.tad.model.globalstatus.TadGlobalStatusFactory.isMqxDataValid() at 60.line "readLongVariableSafely(_mqx_kernel_data)"
(11:45:47.917) ERROR: [TadGlobalStatusFactory] Kernel Data NOT valid (pointer: 0x0000)
(11:45:47.917) ERROR: [TadGlobalStatusFactory] MQX data not valid!
(11:45:47.918) INFO: [TadModel$3] Loading of TAD Global Status took 515 ms
(11:45:47.918) INFO: [TadGlobalStatusController] TAD global status data is ready!
(11:45:49.603) INFO: [TadModel] DSF session ID 38 has ended
(11:46:21.599) INFO: [TadModel] DSF session ID 39 has started
(11:46:24.656) INFO: [TadState] TAD state changed from DEBUG_STARTED to DEBUG_INIT_0 (Suspended, USER_REQUEST)
(11:46:26.527) INFO: [TadState] TAD state changed from DEBUG_INIT_0 to DEBUG_INIT_1 (Resumed, USER_REQUEST)
(11:46:26.558) INFO: [TadState] TAD state changed from DEBUG_INIT_1 to DEBUG_SUSPENDED (Suspended, BREAKPOINT)
(11:46:31.044) INFO: [TadState] TAD state changed from DEBUG_SUSPENDED to DEBUG_RESUMED (Resumed, USER_REQUEST)
(11:46:57.703) INFO: [TadState] TAD state changed from DEBUG_RESUMED to READY (Suspended, SIGNAL)
(11:46:58.221) ReadingException: com.freescale.mqx.gdb.tad.model.globalstatus.TadGlobalStatusFactory.isMqxDataValid() at 60.line "readLongVariableSafely(_mqx_kernel_data)"
(11:46:58.221) ERROR: [TadGlobalStatusFactory] Kernel Data NOT valid (pointer: 0x0000)
(11:46:58.221) ERROR: [TadGlobalStatusFactory] MQX data not valid!
(11:46:58.221) INFO: [TadModel$3] Loading of TAD Global Status took 514 ms
(11:46:58.222) INFO: [TadGlobalStatusController] TAD global status data is ready!
(11:46:58.848) INFO: [TadModel] DSF session ID 40 has started
(11:47:00.012) INFO: [TadModel] DSF session ID 39 has ended
(11:47:05.067) INFO: [TadState] TAD state changed from NONE to DEBUG_INIT_0 (Suspended, USER_REQUEST)
(11:47:07.719) INFO: [TadState] TAD state changed from DEBUG_INIT_0 to DEBUG_INIT_1 (Resumed, USER_REQUEST)
(11:47:07.751) INFO: [TadState] TAD state changed from DEBUG_INIT_1 to DEBUG_SUSPENDED (Suspended, BREAKPOINT)
(11:47:10.135) INFO: [TadState] TAD state changed from DEBUG_SUSPENDED to DEBUG_RESUMED (Resumed, USER_REQUEST)
(11:48:05.204) INFO: [TadState] TAD state changed from DEBUG_RESUMED to READY (Suspended, SIGNAL)
(11:48:05.712) ReadingException: com.freescale.mqx.gdb.tad.model.globalstatus.TadGlobalStatusFactory.isMqxDataValid() at 60.line "readLongVariableSafely(_mqx_kernel_data)"
(11:48:05.712) ERROR: [TadGlobalStatusFactory] Kernel Data NOT valid (pointer: 0x0000)
(11:48:05.712) ERROR: [TadGlobalStatusFactory] MQX data not valid!
(11:48:05.712) INFO: [TadModel$3] Loading of TAD Global Status took 504 ms
(11:48:05.712) INFO: [TadGlobalStatusController] TAD global status data is ready!
(11:48:07.445) INFO: [TadModel] DSF session ID 40 has ended
(11:48:58.811) INFO: [TadModel] DSF session ID 41 has started
(11:49:04.780) INFO: [TadState] TAD state changed from DEBUG_STARTED to DEBUG_INIT_0 (Suspended, USER_REQUEST)
(11:49:07.455) INFO: [TadState] TAD state changed from DEBUG_INIT_0 to DEBUG_INIT_1 (Resumed, USER_REQUEST)
(11:49:07.487) INFO: [TadState] TAD state changed from DEBUG_INIT_1 to DEBUG_SUSPENDED (Suspended, BREAKPOINT)
(11:49:09.316) INFO: [TadState] TAD state changed from DEBUG_SUSPENDED to DEBUG_RESUMED (Resumed, USER_REQUEST)
(11:49:38.689) INFO: [TadState] TAD state changed from DEBUG_RESUMED to READY (Suspended, SIGNAL)
(11:49:39.203) ReadingException: com.freescale.mqx.gdb.tad.model.globalstatus.TadGlobalStatusFactory.isMqxDataValid() at 60.line "readLongVariableSafely(_mqx_kernel_data)"
(11:49:39.203) ERROR: [TadGlobalStatusFactory] Kernel Data NOT valid (pointer: 0x0000)
(11:49:39.203) ERROR: [TadGlobalStatusFactory] MQX data not valid!
(11:49:39.203) INFO: [TadModel$3] Loading of TAD Global Status took 509 ms
(11:49:39.204) INFO: [TadGlobalStatusController] TAD global status data is ready!
(11:49:40.923) INFO: [TadModel] DSF session ID 41 has ended
(11:56:09.460) INFO: [TadModel] DSF session ID 42 has started
(11:56:13.138) INFO: [TadState] TAD state changed from DEBUG_STARTED to DEBUG_INIT_0 (Suspended, USER_REQUEST)
(11:56:15.801) INFO: [TadState] TAD state changed from DEBUG_INIT_0 to DEBUG_INIT_1 (Resumed, USER_REQUEST)
(11:56:15.832) INFO: [TadState] TAD state changed from DEBUG_INIT_1 to DEBUG_SUSPENDED (Suspended, BREAKPOINT)
(11:56:19.739) INFO: [TadState] TAD state changed from DEBUG_SUSPENDED to DEBUG_RESUMED (Resumed, USER_REQUEST)
(11:56:59.265) INFO: [TadState] TAD state changed from DEBUG_RESUMED to READY (Suspended, SIGNAL)
(11:56:59.781) ReadingException: com.freescale.mqx.gdb.tad.model.globalstatus.TadGlobalStatusFactory.isMqxDataValid() at 60.line "readLongVariableSafely(_mqx_kernel_data)"
(11:56:59.781) ERROR: [TadGlobalStatusFactory] Kernel Data NOT valid (pointer: 0x0000)
(11:56:59.781) ERROR: [TadGlobalStatusFactory] MQX data not valid!
(11:56:59.781) INFO: [TadModel$3] Loading of TAD Global Status took 511 ms
(11:56:59.781) INFO: [TadGlobalStatusController] TAD global status data is ready!
(11:57:01.523) INFO: [TadModel] DSF session ID 42 has ended
(11:57:03.255) INFO: [TadModel] DSF session ID 43 has started
(11:57:07.896) INFO: [TadState] TAD state changed from DEBUG_STARTED to DEBUG_INIT_0 (Suspended, USER_REQUEST)
(11:57:10.576) INFO: [TadState] TAD state changed from DEBUG_INIT_0 to DEBUG_INIT_1 (Resumed, USER_REQUEST)
(11:57:10.607) INFO: [TadState] TAD state changed from DEBUG_INIT_1 to DEBUG_SUSPENDED (Suspended, BREAKPOINT)
(11:57:21.167) INFO: [TadState] TAD state changed from DEBUG_SUSPENDED to DEBUG_RESUMED (Resumed, USER_REQUEST)
(11:58:06.366) INFO: [TadState] TAD state changed from DEBUG_RESUMED to READY (Suspended, SIGNAL)
(11:58:06.882) ReadingException: com.freescale.mqx.gdb.tad.model.globalstatus.TadGlobalStatusFactory.isMqxDataValid() at 60.line "readLongVariableSafely(_mqx_kernel_data)"
(11:58:06.882) ERROR: [TadGlobalStatusFactory] Kernel Data NOT valid (pointer: 0x0000)
(11:58:06.882) ERROR: [TadGlobalStatusFactory] MQX data not valid!
(11:58:06.882) INFO: [TadModel$3] Loading of TAD Global Status took 512 ms
(11:58:06.882) INFO: [TadGlobalStatusController] TAD global status data is ready!
(11:58:08.900) INFO: [TadModel] DSF session ID 43 has ended
(13:31:47.172) INFO: [TadModel] DSF session ID 44 has started
(13:31:50.706) INFO: [TadState] TAD state changed from DEBUG_STARTED to DEBUG_INIT_0 (Suspended, USER_REQUEST)
(13:31:53.476) INFO: [TadState] TAD state changed from DEBUG_INIT_0 to DEBUG_INIT_1 (Resumed, USER_REQUEST)
(13:31:53.508) INFO: [TadState] TAD state changed from DEBUG_INIT_1 to DEBUG_SUSPENDED (Suspended, BREAKPOINT)
(13:32:00.492) INFO: [TadState] TAD state changed from DEBUG_SUSPENDED to DEBUG_RESUMED (Resumed, USER_REQUEST)
(13:33:29.340) INFO: [TadState] TAD state changed from DEBUG_RESUMED to READY (Suspended, SIGNAL)
(13:33:29.850) ReadingException: com.freescale.mqx.gdb.tad.model.globalstatus.TadGlobalStatusFactory.isMqxDataValid() at 60.line "readLongVariableSafely(_mqx_kernel_data)"
(13:33:29.850) ERROR: [TadGlobalStatusFactory] Kernel Data NOT valid (pointer: 0x0000)
(13:33:29.850) ERROR: [TadGlobalStatusFactory] MQX data not valid!
(13:33:29.850) INFO: [TadModel$3] Loading of TAD Global Status took 506 ms
(13:33:29.850) INFO: [TadGlobalStatusController] TAD global status data is ready!
(13:33:31.584) INFO: [TadModel] DSF session ID 44 has ended
(14:05:28.168) INFO: [TadModel] DSF session ID 45 has started
(14:05:31.650) INFO: [TadState] TAD state changed from DEBUG_STARTED to DEBUG_INIT_0 (Suspended, USER_REQUEST)
(14:05:34.361) INFO: [TadState] TAD state changed from DEBUG_INIT_0 to DEBUG_INIT_1 (Resumed, USER_REQUEST)
(14:05:34.393) INFO: [TadState] TAD state changed from DEBUG_INIT_1 to DEBUG_SUSPENDED (Suspended, BREAKPOINT)
(14:05:37.233) INFO: [TadState] TAD state changed from DEBUG_SUSPENDED to DEBUG_RESUMED (Resumed, USER_REQUEST)
(14:06:03.294) INFO: [TadState] TAD state changed from DEBUG_RESUMED to READY (Suspended, SIGNAL)
(14:06:03.799) ReadingException: com.freescale.mqx.gdb.tad.model.globalstatus.TadGlobalStatusFactory.isMqxDataValid() at 60.line "readLongVariableSafely(_mqx_kernel_data)"
(14:06:03.799) ERROR: [TadGlobalStatusFactory] Kernel Data NOT valid (pointer: 0x0000)
(14:06:03.799) ERROR: [TadGlobalStatusFactory] MQX data not valid!
(14:06:03.799) INFO: [TadModel$3] Loading of TAD Global Status took 501 ms
(14:06:03.799) INFO: [TadGlobalStatusController] TAD global status data is ready!
(14:06:05.485) INFO: [TadModel] DSF session ID 45 has ended
(14:06:23.646) INFO: [TadModel] DSF session ID 46 has started
(14:06:26.483) INFO: [TadState] TAD state changed from DEBUG_STARTED to DEBUG_INIT_0 (Suspended, USER_REQUEST)
(14:06:28.359) INFO: [TadState] TAD state changed from DEBUG_INIT_0 to DEBUG_INIT_1 (Resumed, USER_REQUEST)
(14:06:28.391) INFO: [TadState] TAD state changed from DEBUG_INIT_1 to DEBUG_SUSPENDED (Suspended, BREAKPOINT)
(14:06:31.165) INFO: [TadState] TAD state changed from DEBUG_SUSPENDED to DEBUG_RESUMED (Resumed, USER_REQUEST)
(14:09:10.571) INFO: [TadState] TAD state changed from DEBUG_RESUMED to READY (Suspended, SIGNAL)
(14:09:11.087) ReadingException: com.freescale.mqx.gdb.tad.model.globalstatus.TadGlobalStatusFactory.isMqxDataValid() at 60.line "readLongVariableSafely(_mqx_kernel_data)"
(14:09:11.087) ERROR: [TadGlobalStatusFactory] Kernel Data NOT valid (pointer: 0x0000)
(14:09:11.087) ERROR: [TadGlobalStatusFactory] MQX data not valid!
(14:09:11.087) INFO: [TadModel$3] Loading of TAD Global Status took 516 ms
(14:09:11.087) INFO: [TadGlobalStatusController] TAD global status data is ready!
(14:09:11.615) INFO: [TadModel] DSF session ID 47 has started
(14:09:12.832) INFO: [TadModel] DSF session ID 46 has ended
(14:09:17.274) INFO: [TadState] TAD state changed from NONE to DEBUG_INIT_0 (Suspended, USER_REQUEST)
(14:09:19.905) INFO: [TadState] TAD state changed from DEBUG_INIT_0 to DEBUG_INIT_1 (Resumed, USER_REQUEST)
(14:09:19.936) INFO: [TadState] TAD state changed from DEBUG_INIT_1 to DEBUG_SUSPENDED (Suspended, BREAKPOINT)
(14:09:21.221) INFO: [TadState] TAD state changed from DEBUG_SUSPENDED to DEBUG_RESUMED (Resumed, USER_REQUEST)
(14:11:35.909) INFO: [TadState] TAD state changed from DEBUG_RESUMED to READY (Suspended, SIGNAL)
(14:11:36.423) ReadingException: com.freescale.mqx.gdb.tad.model.globalstatus.TadGlobalStatusFactory.isMqxDataValid() at 60.line "readLongVariableSafely(_mqx_kernel_data)"
(14:11:36.423) ERROR: [TadGlobalStatusFactory] Kernel Data NOT valid (pointer: 0x0000)
(14:11:36.423) ERROR: [TadGlobalStatusFactory] MQX data not valid!
(14:11:36.423) INFO: [TadModel$3] Loading of TAD Global Status took 510 ms
(14:11:36.423) INFO: [TadGlobalStatusController] TAD global status data is ready!
(14:11:37.139) INFO: [TadModel] DSF session ID 48 has started
(14:11:38.107) INFO: [TadModel] DSF session ID 47 has ended
(14:11:42.388) INFO: [TadState] TAD state changed from NONE to DEBUG_INIT_0 (Suspended, USER_REQUEST)
(14:11:45.082) INFO: [TadState] TAD state changed from DEBUG_INIT_0 to DEBUG_INIT_1 (Resumed, USER_REQUEST)
(14:11:45.113) INFO: [TadState] TAD state changed from DEBUG_INIT_1 to DEBUG_SUSPENDED (Suspended, BREAKPOINT)
(14:11:46.195) INFO: [TadState] TAD state changed from DEBUG_SUSPENDED to DEBUG_RESUMED (Resumed, USER_REQUEST)
(14:15:43.301) INFO: [TadState] TAD state changed from DEBUG_RESUMED to READY (Suspended, SIGNAL)
(14:15:43.816) ReadingException: com.freescale.mqx.gdb.tad.model.globalstatus.TadGlobalStatusFactory.isMqxDataValid() at 60.line "readLongVariableSafely(_mqx_kernel_data)"
(14:15:43.816) ERROR: [TadGlobalStatusFactory] Kernel Data NOT valid (pointer: 0x0000)
(14:15:43.816) ERROR: [TadGlobalStatusFactory] MQX data not valid!
(14:15:43.816) INFO: [TadModel$3] Loading of TAD Global Status took 511 ms
(14:15:43.817) INFO: [TadGlobalStatusController] TAD global status data is ready!
(14:18:08.284) INFO: [TadState] TAD state changed from READY to DEBUG_RESUMED (Resumed, USER_REQUEST)
(14:18:15.064) INFO: [TadState] TAD state changed from DEBUG_RESUMED to READY (Suspended, SIGNAL)
(14:18:15.585) ReadingException: com.freescale.mqx.gdb.tad.model.globalstatus.TadGlobalStatusFactory.isMqxDataValid() at 60.line "readLongVariableSafely(_mqx_kernel_data)"
(14:18:15.585) ERROR: [TadGlobalStatusFactory] Kernel Data NOT valid (pointer: 0x0000)
(14:18:15.585) ERROR: [TadGlobalStatusFactory] MQX data not valid!
(14:18:15.585) INFO: [TadModel$3] Loading of TAD Global Status took 516 ms
(14:18:15.585) INFO: [TadGlobalStatusController] TAD global status data is ready!
(14:19:30.875) INFO: [TadModel] DSF session ID 48 has ended
(14:19:31.083) INFO: [TadModel] DSF session ID 49 has started
(14:19:33.157) INFO: [TadModel] DSF session ID 49 has ended
(14:19:35.556) INFO: [TadModel] DSF session ID 50 has started
(14:19:39.040) INFO: [TadModel] DSF session ID 50 has ended
(14:20:57.373) INFO: [TadModel] DSF session ID 51 has started
(14:21:00.714) INFO: [TadState] TAD state changed from DEBUG_STARTED to DEBUG_INIT_0 (Suspended, USER_REQUEST)
(14:21:03.398) INFO: [TadState] TAD state changed from DEBUG_INIT_0 to DEBUG_INIT_1 (Resumed, USER_REQUEST)
(14:21:03.430) INFO: [TadState] TAD state changed from DEBUG_INIT_1 to DEBUG_SUSPENDED (Suspended, BREAKPOINT)
(14:21:07.125) INFO: [TadState] TAD state changed from DEBUG_SUSPENDED to DEBUG_RESUMED (Resumed, USER_REQUEST)
(14:21:35.387) INFO: [TadState] TAD state changed from DEBUG_RESUMED to READY (Suspended, SIGNAL)
(14:21:35.896) ReadingException: com.freescale.mqx.gdb.tad.model.globalstatus.TadGlobalStatusFactory.isMqxDataValid() at 60.line "readLongVariableSafely(_mqx_kernel_data)"
(14:21:35.896) ERROR: [TadGlobalStatusFactory] Kernel Data NOT valid (pointer: 0x0000)
(14:21:35.896) ERROR: [TadGlobalStatusFactory] MQX data not valid!
(14:21:35.896) INFO: [TadModel$3] Loading of TAD Global Status took 501 ms
(14:21:35.896) INFO: [TadGlobalStatusController] TAD global status data is ready!
(14:22:36.932) INFO: [TadState] TAD state changed from READY to DEBUG_RESUMED (Resumed, USER_REQUEST)
(14:22:52.387) INFO: [TadState] TAD state changed from DEBUG_RESUMED to READY (Suspended, SIGNAL)
(14:22:52.893) ReadingException: com.freescale.mqx.gdb.tad.model.globalstatus.TadGlobalStatusFactory.isMqxDataValid() at 60.line "readLongVariableSafely(_mqx_kernel_data)"
(14:22:52.893) ERROR: [TadGlobalStatusFactory] Kernel Data NOT valid (pointer: 0x0000)
(14:22:52.893) ERROR: [TadGlobalStatusFactory] MQX data not valid!
(14:22:52.894) INFO: [TadModel$3] Loading of TAD Global Status took 501 ms
(14:22:52.894) INFO: [TadGlobalStatusController] TAD global status data is ready!
(14:22:54.594) INFO: [TadModel] DSF session ID 51 has ended
(14:23:15.010) INFO: [TadModel] DSF session ID 52 has started
(14:23:17.850) INFO: [TadState] TAD state changed from DEBUG_STARTED to DEBUG_INIT_0 (Suspended, USER_REQUEST)
(14:23:19.776) INFO: [TadState] TAD state changed from DEBUG_INIT_0 to DEBUG_INIT_1 (Resumed, USER_REQUEST)
(14:23:19.807) INFO: [TadState] TAD state changed from DEBUG_INIT_1 to DEBUG_SUSPENDED (Suspended, BREAKPOINT)
(14:23:21.514) INFO: [TadState] TAD state changed from DEBUG_SUSPENDED to DEBUG_RESUMED (Resumed, USER_REQUEST)
(14:24:11.347) INFO: [TadModel] DSF session ID 53 has started
(14:24:13.708) INFO: [TadState] TAD state changed from DEBUG_STARTED to DEBUG_INIT_0 (Suspended, SIGNAL)
(14:24:16.002) INFO: [TadModel] DSF session ID 52 has ended
(14:24:19.077) INFO: [TadState] TAD state changed from NONE to DEBUG_INIT_0 (Suspended, USER_REQUEST)
(14:24:21.771) INFO: [TadState] TAD state changed from DEBUG_INIT_0 to DEBUG_INIT_1 (Resumed, USER_REQUEST)
(14:24:21.803) INFO: [TadState] TAD state changed from DEBUG_INIT_1 to DEBUG_SUSPENDED (Suspended, BREAKPOINT)
(14:24:24.562) INFO: [TadState] TAD state changed from DEBUG_SUSPENDED to DEBUG_RESUMED (Resumed, USER_REQUEST)
(14:24:27.737) INFO: [TadState] TAD state changed from DEBUG_RESUMED to READY (Suspended, SIGNAL)
(14:24:28.257) ReadingException: com.freescale.mqx.gdb.tad.model.globalstatus.TadGlobalStatusFactory.isMqxDataValid() at 60.line "readLongVariableSafely(_mqx_kernel_data)"
(14:24:28.257) ERROR: [TadGlobalStatusFactory] Kernel Data NOT valid (pointer: 0x0000)
(14:24:28.257) ERROR: [TadGlobalStatusFactory] MQX data not valid!
(14:24:28.257) INFO: [TadModel$3] Loading of TAD Global Status took 514 ms
(14:24:28.257) INFO: [TadGlobalStatusController] TAD global status data is ready!
(14:24:34.987) INFO: [TadState] TAD state changed from READY to DEBUG_RESUMED (Resumed, USER_REQUEST)
(14:24:39.731) INFO: [TadState] TAD state changed from DEBUG_RESUMED to READY (Suspended, SIGNAL)
(14:24:40.251) ReadingException: com.freescale.mqx.gdb.tad.model.globalstatus.TadGlobalStatusFactory.isMqxDataValid() at 60.line "readLongVariableSafely(_mqx_kernel_data)"
(14:24:40.251) ERROR: [TadGlobalStatusFactory] Kernel Data NOT valid (pointer: 0x0000)
(14:24:40.251) ERROR: [TadGlobalStatusFactory] MQX data not valid!
(14:24:40.251) INFO: [TadModel$3] Loading of TAD Global Status took 515 ms
(14:24:40.251) INFO: [TadGlobalStatusController] TAD global status data is ready!
(14:24:44.886) INFO: [TadState] TAD state changed from READY to DEBUG_RESUMED (Resumed, USER_REQUEST)
(14:24:50.603) INFO: [TadState] TAD state changed from DEBUG_RESUMED to READY (Suspended, SIGNAL)
(14:24:51.115) ReadingException: com.freescale.mqx.gdb.tad.model.globalstatus.TadGlobalStatusFactory.isMqxDataValid() at 60.line "readLongVariableSafely(_mqx_kernel_data)"
(14:24:51.115) ERROR: [TadGlobalStatusFactory] Kernel Data NOT valid (pointer: 0x0000)
(14:24:51.115) ERROR: [TadGlobalStatusFactory] MQX data not valid!
(14:24:51.115) INFO: [TadModel$3] Loading of TAD Global Status took 508 ms
(14:24:51.116) INFO: [TadGlobalStatusController] TAD global status data is ready!
(14:25:03.577) INFO: [TadState] TAD state changed from READY to DEBUG_RESUMED (Resumed, USER_REQUEST)
(14:25:09.779) INFO: [TadState] TAD state changed from DEBUG_RESUMED to READY (Suspended, SIGNAL)
(14:25:10.295) ReadingException: com.freescale.mqx.gdb.tad.model.globalstatus.TadGlobalStatusFactory.isMqxDataValid() at 60.line "readLongVariableSafely(_mqx_kernel_data)"
(14:25:10.295) ERROR: [TadGlobalStatusFactory] Kernel Data NOT valid (pointer: 0x0000)
(14:25:10.295) ERROR: [TadGlobalStatusFactory] MQX data not valid!
(14:25:10.295) INFO: [TadModel$3] Loading of TAD Global Status took 512 ms
(14:25:10.295) INFO: [TadGlobalStatusController] TAD global status data is ready!
(14:25:51.587) INFO: [TadState] TAD state changed from READY to DEBUG_RESUMED (Resumed, USER_REQUEST)
(14:26:00.241) INFO: [TadState] TAD state changed from DEBUG_RESUMED to READY (Suspended, SIGNAL)
(14:26:00.757) ReadingException: com.freescale.mqx.gdb.tad.model.globalstatus.TadGlobalStatusFactory.isMqxDataValid() at 60.line "readLongVariableSafely(_mqx_kernel_data)"
(14:26:00.757) ERROR: [TadGlobalStatusFactory] Kernel Data NOT valid (pointer: 0x0000)
(14:26:00.757) ERROR: [TadGlobalStatusFactory] MQX data not valid!
(14:26:00.757) INFO: [TadModel$3] Loading of TAD Global Status took 512 ms
(14:26:00.757) INFO: [TadGlobalStatusController] TAD global status data is ready!
(14:26:16.849) INFO: [TadState] TAD state changed from READY to DEBUG_RESUMED (Resumed, USER_REQUEST)
(14:26:25.635) INFO: [TadState] TAD state changed from DEBUG_RESUMED to READY (Suspended, SIGNAL)
(14:26:26.145) ReadingException: com.freescale.mqx.gdb.tad.model.globalstatus.TadGlobalStatusFactory.isMqxDataValid() at 60.line "readLongVariableSafely(_mqx_kernel_data)"
(14:26:26.145) ERROR: [TadGlobalStatusFactory] Kernel Data NOT valid (pointer: 0x0000)
(14:26:26.145) ERROR: [TadGlobalStatusFactory] MQX data not valid!
(14:26:26.145) INFO: [TadModel$3] Loading of TAD Global Status took 504 ms
(14:26:26.145) INFO: [TadGlobalStatusController] TAD global status data is ready!
(14:26:51.410) INFO: [TadModel] DSF session ID 53 has ended
(14:26:52.458) INFO: [TadModel] DSF session ID 54 has started
(14:26:58.006) INFO: [TadState] TAD state changed from DEBUG_STARTED to DEBUG_INIT_0 (Suspended, USER_REQUEST)
(14:27:00.712) INFO: [TadState] TAD state changed from DEBUG_INIT_0 to DEBUG_INIT_1 (Resumed, USER_REQUEST)
(14:27:00.744) INFO: [TadState] TAD state changed from DEBUG_INIT_1 to DEBUG_SUSPENDED (Suspended, BREAKPOINT)
(14:27:01.565) INFO: [TadState] TAD state changed from DEBUG_SUSPENDED to DEBUG_RESUMED (Resumed, USER_REQUEST)
(14:28:23.280) INFO: [TadModel] DSF session ID 55 has started
(14:28:25.997) INFO: [TadState] TAD state changed from DEBUG_STARTED to DEBUG_INIT_0 (Suspended, SIGNAL)
(14:28:28.317) INFO: [TadModel] DSF session ID 54 has ended
(14:28:31.493) INFO: [TadState] TAD state changed from NONE to DEBUG_INIT_0 (Suspended, USER_REQUEST)
(14:28:34.124) INFO: [TadState] TAD state changed from DEBUG_INIT_0 to DEBUG_INIT_1 (Resumed, USER_REQUEST)
(14:28:34.156) INFO: [TadState] TAD state changed from DEBUG_INIT_1 to DEBUG_SUSPENDED (Suspended, BREAKPOINT)
(14:28:36.506) INFO: [TadState] TAD state changed from DEBUG_SUSPENDED to DEBUG_RESUMED (Resumed, USER_REQUEST)
(14:32:20.557) INFO: [TadState] TAD state changed from DEBUG_RESUMED to READY (Suspended, SIGNAL)
(14:32:21.066) ReadingException: com.freescale.mqx.gdb.tad.model.globalstatus.TadGlobalStatusFactory.isMqxDataValid() at 60.line "readLongVariableSafely(_mqx_kernel_data)"
(14:32:21.066) ERROR: [TadGlobalStatusFactory] Kernel Data NOT valid (pointer: 0x0000)
(14:32:21.066) ERROR: [TadGlobalStatusFactory] MQX data not valid!
(14:32:21.067) INFO: [TadModel$3] Loading of TAD Global Status took 505 ms
(14:32:21.068) INFO: [TadGlobalStatusController] TAD global status data is ready!
(14:32:23.247) INFO: [TadModel] DSF session ID 55 has ended
(14:56:44.054) INFO: [TadModel] DSF session ID 56 has started
